[14:23:45] INFO: access_token is expired. Now: 2025-06-13 08:53:45.114993, token_expiry: 2025-06-13 08:34:46
[14:23:45] INFO: Refreshing access_token
[14:23:45] INFO: file_cache is only supported with oauth2client<4.0.0
[14:26:52] INFO:  Plant Monitor Script Starting...
[14:26:52] INFO:  Authenticating with Google Drive...
[14:26:52] INFO: file_cache is only supported with oauth2client<4.0.0
[14:26:53] INFO:  Google Drive authentication successful
[14:26:53] INFO:  Capturing image every 60 seconds. Press Ctrl+C to stop.
[14:26:53] INFO:  Attempting to capture image...
[14:27:16] INFO:  Plant Monitor Script Starting...
[14:27:16] INFO:  Authenticating with Google Drive...
[14:27:16] INFO: file_cache is only supported with oauth2client<4.0.0
[14:27:17] INFO:  Google Drive authentication successful
[14:27:17] INFO:  Capturing image every 60 seconds. Press Ctrl+C to stop.
[14:27:17] INFO:  Attempting to capture image...
[14:28:11] INFO:  Image captured successfully: 20250613_142717.jpg
[14:28:15] INFO:  Upload successful: 20250613_142717.jpg
[14:28:15] INFO:  Total files in local folder: 6
[14:28:17] INFO:  Attempting to capture image...
[14:29:08] INFO:  Image captured successfully: 20250613_142817.jpg
[14:29:13] INFO:  Upload successful: 20250613_142817.jpg
[14:29:13] INFO:  Total files in local folder: 7
[14:30:13] INFO:  Attempting to capture image...
[14:31:04] INFO:  Image captured successfully: 20250613_143013.jpg
[14:31:09] INFO:  Upload successful: 20250613_143013.jpg
[14:31:09] INFO:  Total files in local folder: 8
[14:32:09] INFO:  Attempting to capture image...
[14:32:59] INFO:  Image captured successfully: 20250613_143209.jpg
[14:33:05] INFO:  Upload successful: 20250613_143209.jpg
[14:33:05] INFO:  Total files in local folder: 9
[14:34:05] INFO:  Attempting to capture image...
[14:34:55] INFO:  Image captured successfully: 20250613_143405.jpg
[14:34:59] INFO:  Upload successful: 20250613_143405.jpg
[14:34:59] INFO:  Total files in local folder: 10
[14:35:59] INFO:  Attempting to capture image...
[14:36:49] INFO:  Image captured successfully: 20250613_143559.jpg
[14:36:54] INFO:  Upload successful: 20250613_143559.jpg
[14:36:54] INFO:  Total files in local folder: 11
[14:37:54] INFO:  Attempting to capture image...
[14:38:44] INFO:  Image captured successfully: 20250613_143754.jpg
[14:38:49] INFO:  Upload successful: 20250613_143754.jpg
[14:38:49] INFO:  Total files in local folder: 12
[14:39:49] INFO:  Attempting to capture image...
[15:41:21] INFO:  Plant Monitor Script Starting...
[15:41:21] INFO:  Authenticating with Google Drive...
[15:41:21] INFO: access_token is expired. Now: 2025-06-13 10:11:21.145058, token_expiry: 2025-06-13 09:53:44
[15:41:21] INFO: Refreshing access_token
[15:41:22] INFO: file_cache is only supported with oauth2client<4.0.0
[15:41:23] INFO:  Google Drive authentication successful
[15:41:23] INFO:  Capturing image every 60 seconds. Press Ctrl+C to stop.
[15:41:23] INFO:  Attempting to capture image...
[15:42:22] INFO:  Image captured successfully: 20250613_154123.jpg
[15:42:27] INFO:  Upload successful: 20250613_154123.jpg
[15:42:27] INFO:  Total files in local folder: 11
[15:42:27] INFO:  Attempting to capture image...
[15:42:43] INFO:  Plant Monitor Script Starting...
[15:42:43] INFO:  Authenticating with Google Drive...
[15:42:43] INFO: file_cache is only supported with oauth2client<4.0.0
[15:42:46] INFO:  Google Drive authentication successful
[15:42:46] INFO:  Capturing image every 60 seconds. Press Ctrl+C to stop.
[15:42:46] INFO:  Attempting to capture image...
[15:43:41] INFO:  Image captured successfully: 20250613_154246.jpg
[15:43:46] INFO:  Upload successful: 20250613_154246.jpg
[15:43:46] INFO:  Total files in local folder: 1
[15:43:46] INFO:  Attempting to capture image...
[15:44:38] INFO:  Image captured successfully: 20250613_154346.jpg
[15:44:44] INFO:  Upload successful: 20250613_154346.jpg
[15:44:44] INFO:  Total files in local folder: 2
[15:45:44] INFO:  Attempting to capture image...
[15:46:36] INFO:  Image captured successfully: 20250613_154544.jpg
[15:46:41] INFO:  Upload successful: 20250613_154544.jpg
[15:46:41] INFO:  Total files in local folder: 1
[15:47:41] INFO:  Attempting to capture image...
[15:48:32] INFO:  Image captured successfully: 20250613_154741.jpg
[15:48:38] INFO:  Upload successful: 20250613_154741.jpg
[15:48:38] INFO:  Total files in local folder: 2
[15:49:38] INFO:  Attempting to capture image...
[15:50:29] INFO:  Image captured successfully: 20250613_154938.jpg
[15:50:34] INFO:  Upload successful: 20250613_154938.jpg
[15:50:34] INFO:  Total files in local folder: 3
[15:51:34] INFO:  Attempting to capture image...
[15:52:26] INFO:  Image captured successfully: 20250613_155134.jpg
[15:52:31] INFO:  Upload successful: 20250613_155134.jpg
[15:52:31] INFO:  Total files in local folder: 4
[15:53:31] INFO:  Attempting to capture image...
[15:54:23] INFO:  Image captured successfully: 20250613_155331.jpg
[15:54:27] INFO:  Upload successful: 20250613_155331.jpg
[15:54:27] INFO:  Total files in local folder: 5
[15:55:28] INFO:  Attempting to capture image...
[15:56:19] INFO:  Image captured successfully: 20250613_155528.jpg
[15:56:24] INFO:  Upload successful: 20250613_155528.jpg
[15:56:24] INFO:  Total files in local folder: 6
[15:56:26] INFO:  Received shutdown signal. Cleaning up...
[15:56:26] INFO:  Plant Monitor Script Ended.
